<?xml version="1.0" encoding="UTF-8"?>
<!-- Generated by org.testng.reporters.JUnitReportReporter -->
<testsuite hostname="LAPTOP-O3NU1SKJ" failures="0" tests="1" name="com.lumens.testcases.Loginpagetest" time="116.536" errors="0" timestamp="4 Apr 2021 08:51:48 GMT">
  <testcase classname="com.lumens.testcases.Loginpagetest" name="logintest" time="116.536"/>
</testsuite> <!-- com.lumens.testcases.Loginpagetest -->
