<?xml version="1.0" encoding="UTF-8"?>
<!-- Generated by org.testng.reporters.JUnitReportReporter -->
<testsuite hostname="LAPTOP-O3NU1SKJ" failures="0" tests="1" name="com.lumens.testcases.Signuptest" time="41.329" errors="0" timestamp="3 Apr 2021 09:59:32 GMT">
  <testcase classname="com.lumens.testcases.Signuptest" name="Registration" time="41.329"/>
</testsuite> <!-- com.lumens.testcases.Signuptest -->
